

Version:	3.50
CmdLine:	C:\Users\Musa Okta\Documents\NetBeansProjects\AnimaPedia\AnimaPedia.exe --l4j-debug
JNI:		No
WOW64:		Yes
Working dir:	C:\Users\Musa Okta\Documents\NetBeansProjects\AnimaPedia\.
Requires JDK:	Yes
Requires 64-Bit: No
Java min ver:	1.008.000
Java max ver:	
Substitute:	JAVA_HOME = C:\jdk-23
Substitute:	PATH = C:\jdk-23\bin;C:\Program Files (x86)\Common Files\Oracle\Java\javapath;C:\Program Files\Common Files\Oracle\Java\javapath;C:\Windows\system32;C:\Windows;C:\Windows\System32\Wbem;C:\Windows\System32\WindowsPowerShell\v1.0\;C:\Windows\System32\OpenSSH\;C:\Program Files\Git\cmd;C:\Hadoop\hadoop-3.3.6\bin;C:\Hadoop\hadoop-3.3.6\bin;C:\Hadoop\hadoop-3.3.6\sbin;C:\spark-3.5.2-bin-hadoop3\spark-3.5.2-bin-hadoop3\bin;C:\pig-0.17.0\pig-0.17.0\bin;C:\pig-0.17.0\pig-0.17.0\bin;C:\pig-0.17.0\pig-0.17.0\sbin;C:\derby\bin;C:\wget;C:\Users\Musa Okta\AppData\Local\Microsoft\WindowsApps;C:\Users\Musa Okta\AppData\Local\Programs\Microsoft VS Code\bin;C:\jdk-23\bin;C:\Hadoop\hadoop-3.3.6\bin;C:\Hadoop\hadoop-3.3.6\sbin;C:\spark-3.5.2-bin-hadoop3\spark-3.5.2-bin-hadoop3\bin;C:\spark-3.5.2-bin-hadoop3\spark-3.5.2-bin-hadoop3\bin;C:\pig-0.17.0\pig-0.17.0\bin;C:\pig-0.17.0\pig-0.17.0\bin;C:\hive\bin;C:\jdk-23\bin;;C:\jdk-23\bin
JRE paths:	C:\jdk-23;C:\jdk-23\bin;C:\Program Files (x86)\Common Files\Oracle\Java\javapath;C:\Program Files\Common Files\Oracle\Java\javapath;C:\Windows\system32;C:\Windows;C:\Windows\System32\Wbem;C:\Windows\System32\WindowsPowerShell\v1.0\;C:\Windows\System32\OpenSSH\;C:\Program Files\Git\cmd;C:\Hadoop\hadoop-3.3.6\bin;C:\Hadoop\hadoop-3.3.6\bin;C:\Hadoop\hadoop-3.3.6\sbin;C:\spark-3.5.2-bin-hadoop3\spark-3.5.2-bin-hadoop3\bin;C:\pig-0.17.0\pig-0.17.0\bin;C:\pig-0.17.0\pig-0.17.0\bin;C:\pig-0.17.0\pig-0.17.0\sbin;C:\derby\bin;C:\wget;C:\Users\Musa Okta\AppData\Local\Microsoft\WindowsApps;C:\Users\Musa Okta\AppData\Local\Programs\Microsoft VS Code\bin;C:\jdk-23\bin;C:\Hadoop\hadoop-3.3.6\bin;C:\Hadoop\hadoop-3.3.6\sbin;C:\spark-3.5.2-bin-hadoop3\spark-3.5.2-bin-hadoop3\bin;C:\spark-3.5.2-bin-hadoop3\spark-3.5.2-bin-hadoop3\bin;C:\pig-0.17.0\pig-0.17.0\bin;C:\pig-0.17.0\pig-0.17.0\bin;C:\hive\bin;C:\jdk-23\bin;;C:\jdk-23\bin
Check launcher:	C:\jdk-23\bin\javaw.exe (OK)
Check javac:	C:\jdk-23\bin\javac.exe (OK)
Version string: 1.023.000_001 / 64-Bit (OK)
Launcher:	C:\jdk-23\bin\javaw.exe
Launcher args:	-jar "C:\Users\Musa Okta\Documents\NetBeansProjects\AnimaPedia\AnimaPedia.exe"
Args length:	78/32768 chars
Exit code:	0


Version:	3.50
CmdLine:	C:\Users\Musa Okta\Documents\NetBeansProjects\AnimaPedia\AnimaPedia.exe --l4j-debug
JNI:		No
WOW64:		Yes
Working dir:	C:\Users\Musa Okta\Documents\NetBeansProjects\AnimaPedia\.
Requires JDK:	Yes
Requires 64-Bit: No
Java min ver:	1.008.000
Java max ver:	
Substitute:	JAVA_HOME = C:\jdk-23
Substitute:	PATH = C:\jdk-23\bin;C:\Program Files (x86)\Common Files\Oracle\Java\javapath;C:\Program Files\Common Files\Oracle\Java\javapath;C:\Windows\system32;C:\Windows;C:\Windows\System32\Wbem;C:\Windows\System32\WindowsPowerShell\v1.0\;C:\Windows\System32\OpenSSH\;C:\Program Files\Git\cmd;C:\Hadoop\hadoop-3.3.6\bin;C:\Hadoop\hadoop-3.3.6\bin;C:\Hadoop\hadoop-3.3.6\sbin;C:\spark-3.5.2-bin-hadoop3\spark-3.5.2-bin-hadoop3\bin;C:\pig-0.17.0\pig-0.17.0\bin;C:\pig-0.17.0\pig-0.17.0\bin;C:\pig-0.17.0\pig-0.17.0\sbin;C:\derby\bin;C:\wget;C:\Users\Musa Okta\AppData\Local\Microsoft\WindowsApps;C:\Users\Musa Okta\AppData\Local\Programs\Microsoft VS Code\bin;C:\jdk-23\bin;C:\Hadoop\hadoop-3.3.6\bin;C:\Hadoop\hadoop-3.3.6\sbin;C:\spark-3.5.2-bin-hadoop3\spark-3.5.2-bin-hadoop3\bin;C:\spark-3.5.2-bin-hadoop3\spark-3.5.2-bin-hadoop3\bin;C:\pig-0.17.0\pig-0.17.0\bin;C:\pig-0.17.0\pig-0.17.0\bin;C:\hive\bin;C:\jdk-23\bin;;C:\jdk-23\bin
JRE paths:	C:\jdk-23;C:\jdk-23\bin;C:\Program Files (x86)\Common Files\Oracle\Java\javapath;C:\Program Files\Common Files\Oracle\Java\javapath;C:\Windows\system32;C:\Windows;C:\Windows\System32\Wbem;C:\Windows\System32\WindowsPowerShell\v1.0\;C:\Windows\System32\OpenSSH\;C:\Program Files\Git\cmd;C:\Hadoop\hadoop-3.3.6\bin;C:\Hadoop\hadoop-3.3.6\bin;C:\Hadoop\hadoop-3.3.6\sbin;C:\spark-3.5.2-bin-hadoop3\spark-3.5.2-bin-hadoop3\bin;C:\pig-0.17.0\pig-0.17.0\bin;C:\pig-0.17.0\pig-0.17.0\bin;C:\pig-0.17.0\pig-0.17.0\sbin;C:\derby\bin;C:\wget;C:\Users\Musa Okta\AppData\Local\Microsoft\WindowsApps;C:\Users\Musa Okta\AppData\Local\Programs\Microsoft VS Code\bin;C:\jdk-23\bin;C:\Hadoop\hadoop-3.3.6\bin;C:\Hadoop\hadoop-3.3.6\sbin;C:\spark-3.5.2-bin-hadoop3\spark-3.5.2-bin-hadoop3\bin;C:\spark-3.5.2-bin-hadoop3\spark-3.5.2-bin-hadoop3\bin;C:\pig-0.17.0\pig-0.17.0\bin;C:\pig-0.17.0\pig-0.17.0\bin;C:\hive\bin;C:\jdk-23\bin;;C:\jdk-23\bin
Check launcher:	C:\jdk-23\bin\javaw.exe (OK)
Check javac:	C:\jdk-23\bin\javac.exe (OK)
Version string: 1.023.000_001 / 64-Bit (OK)
Launcher:	C:\jdk-23\bin\javaw.exe
Launcher args:	-jar "C:\Users\Musa Okta\Documents\NetBeansProjects\AnimaPedia\AnimaPedia.exe"
Args length:	78/32768 chars
Exit code:	0
